<?xml version="1.0" encoding="UTF-8"?>
<!-- Generated by org.testng.reporters.JUnitReportReporter -->
<testsuite hostname="satnams-air.3pillar.corp" name="org.tests.ExecutingRest" tests="1" failures="0" timestamp="2 Mar 2017 08:48:44 GMT" time="0.888" errors="0">
  <testcase name="testing" time="0.888" classname="org.tests.ExecutingRest"/>
</testsuite> <!-- org.tests.ExecutingRest -->
