<?xml version="1.0" encoding="UTF-8"?>
<!-- Generated by org.testng.reporters.JUnitReportReporter -->
<testsuite hostname="Satnams-MacBook-Air.local" name="org.tests.ExecutingTest" tests="1" failures="0" timestamp="2 Mar 2017 13:18:20 GMT" time="0.084" errors="0">
  <testcase name="testPostMethod" time="0.084" classname="org.tests.ExecutingTest"/>
</testsuite> <!-- org.tests.ExecutingTest -->
