<?xml version="1.0" encoding="UTF-8"?>
<!-- Generated by org.testng.reporters.JUnitReportReporter -->
<testsuite hostname="Satnams-MacBook-Air.local" name="org.pages.LoginPage" tests="1" failures="0" timestamp="19 Feb 2017 10:58:24 GMT" time="13.998" errors="0">
  <testcase name="clickLogin" time="13.998" classname="org.pages.LoginPage"/>
</testsuite> <!-- org.pages.LoginPage -->
