<?xml version="1.0" encoding="UTF-8"?>
<!-- Generated by org.testng.reporters.JUnitReportReporter -->
<testsuite hostname="Satnams-MacBook-Air.local" name="org.tests.RestApiTest" tests="5" failures="0" timestamp="21 Apr 2017 08:55:29 GMT" time="0.568" errors="0">
  <testcase name="getUserActivities" time="0.061" classname="org.tests.RestApiTest"/>
  <testcase name="getActivityIdWithDifficultyParameter" time="0.157" classname="org.tests.RestApiTest"/>
  <testcase name="getActivityWithAnActivityId" time="0.069" classname="org.tests.RestApiTest"/>
  <testcase name="enrolUserInAnExistingActivities" time="0.064" classname="org.tests.RestApiTest"/>
  <testcase name="enrolAndDisenrollUserInAnActivities" time="0.217" classname="org.tests.RestApiTest"/>
</testsuite> <!-- org.tests.RestApiTest -->
