<?xml version="1.0" encoding="UTF-8"?>
<!-- Generated by org.testng.reporters.JUnitReportReporter -->
<testsuite hostname="satnams-air.3pillar.corp" name="org.tests.MainClass" tests="1" failures="0" timestamp="2 Mar 2017 07:46:18 GMT" time="0.464" errors="0">
  <testcase name="testing" time="0.464" classname="org.tests.MainClass"/>
</testsuite> <!-- org.tests.MainClass -->
