<?xml version="1.0" encoding="UTF-8"?>
<!-- Generated by org.testng.reporters.JUnitReportReporter -->
<testsuite hostname="Satnams-MacBook-Air.local" name="org.testing.AppTest" tests="1" failures="0" timestamp="12 Feb 2017 07:02:01 GMT" time="0.016" errors="0">
  <testcase name="runSet" time="0.016" classname="org.testing.AppTest"/>
</testsuite> <!-- org.testing.AppTest -->
